<?xml version="1.0" encoding="UTF-8"?>
<robot generator="Robot 6.1.1 (Python 3.11.4 on win32)" generated="20241122 13:04:16.021" rpa="false" schemaversion="4">
<suite id="s1" name="Test" source="c:\VS_Code\Demo\Practice\Robot_Framework\Script\Test.robot">
<test id="s1-t1" name="test" line="15">
<kw name="open the browser with the Mortgage payment url" library="Login_Page" type="SETUP">
<kw name="Open Browser" library="SeleniumLibrary">
<arg>https://rahulshettyacademy.com/loginpagePractise/</arg>
<arg>Chrome</arg>
<doc>Opens a new browser instance to the optional ``url``.</doc>
<msg timestamp="20241122 13:04:16.852" level="INFO">Opening browser 'Chrome' to base url 'https://rahulshettyacademy.com/loginpagePractise/'.</msg>
<status status="PASS" starttime="20241122 13:04:16.849" endtime="20241122 13:04:18.778"/>
</kw>
<kw name="Maximize Browser Window" library="SeleniumLibrary">
<doc>Maximizes current browser window.</doc>
<status status="PASS" starttime="20241122 13:04:18.779" endtime="20241122 13:04:18.834"/>
</kw>
<kw name="Sleep" library="BuiltIn">
<arg>2s</arg>
<doc>Pauses the test executed for the given time.</doc>
<msg timestamp="20241122 13:04:20.840" level="INFO">Slept 2 seconds</msg>
<status status="PASS" starttime="20241122 13:04:18.838" endtime="20241122 13:04:20.840"/>
</kw>
<status status="PASS" starttime="20241122 13:04:16.845" endtime="20241122 13:04:20.840"/>
</kw>
<kw name="Vino" library="shop">
<msg timestamp="20241122 13:04:20.846" level="INFO">wow</msg>
<status status="PASS" starttime="20241122 13:04:20.840" endtime="20241122 13:04:20.846"/>
</kw>
<status status="PASS" starttime="20241122 13:04:16.837" endtime="20241122 13:04:20.846"/>
</test>
<status status="PASS" starttime="20241122 13:04:16.049" endtime="20241122 13:04:20.863"/>
</suite>
<statistics>
<total>
<stat pass="1" fail="0" skip="0">All Tests</stat>
</total>
<tag>
</tag>
<suite>
<stat pass="1" fail="0" skip="0" id="s1" name="Test">Test</stat>
</suite>
</statistics>
<errors>
<msg timestamp="20241122 13:04:16.792" level="ERROR">[ DataDriver ] Error in robot file:
  File "c:\VS_Code\Demo\Practice\Robot_Framework\Script\Test.robot", line 0</msg>
<msg timestamp="20241122 13:04:16.793" level="ERROR">In source file:
  File "c:\VS_Code\Demo\Practice\Robot_Framework\Script\..\Resources\data.csv", line 0</msg>
<msg timestamp="20241122 13:04:16.835" level="ERROR">Calling method '_start_suite' of listener 'DataDriver' failed: AttributeError: No "Test Template" keyword found for first test case.</msg>
</errors>
</robot>
