<?xml version="1.0" encoding="UTF-8"?>
<robot generator="Robot 7.2.2 (Python 3.13.2 on win32)" generated="2025-06-22T20:31:55.722359" rpa="false" schemaversion="5">
<suite id="s1" name="Datadriventest" source="d:\VS_Code\Training\Thiru\Robot\Data_driven_test\datadriventest.robot">
<kw name="open my browser" owner="Resources" type="SETUP">
<kw name="Open Browser" owner="SeleniumLibrary">
<msg time="2025-06-22T20:32:00.661774" level="INFO">Opening browser 'chrome' to base url 'https://opensource-demo.orangehrmlive.com/web/index.php/auth/login'.</msg>
<arg>${Login_URL}</arg>
<arg>${Browser}</arg>
<doc>Opens a new browser instance to the optional ``url``.</doc>
<status status="PASS" start="2025-06-22T20:32:00.658637" elapsed="4.669809"/>
</kw>
<kw name="Maximize Browser Window" owner="SeleniumLibrary">
<doc>Maximizes current browser window.</doc>
<status status="PASS" start="2025-06-22T20:32:05.329652" elapsed="0.066168"/>
</kw>
<kw name="Sleep" owner="BuiltIn">
<msg time="2025-06-22T20:32:07.405038" level="INFO">Slept 2 seconds.</msg>
<arg>2s</arg>
<doc>Pauses the test executed for the given time.</doc>
<status status="PASS" start="2025-06-22T20:32:05.400514" elapsed="2.005446"/>
</kw>
<status status="PASS" start="2025-06-22T20:32:00.654047" elapsed="6.752549"/>
</kw>
<test id="s1-t1" name="invalidTest" line="17">
<kw name="Invalid login">
<kw name="Input username" owner="Resources">
<kw name="Input Text" owner="SeleniumLibrary">
<msg time="2025-06-22T20:32:07.417943" level="INFO">Typing text 'Admin' into text field '//input[@name="username"]'.</msg>
<arg>//input[@name="username"]</arg>
<arg>${user}</arg>
<doc>Types the given ``text`` into the text field identified by ``locator``.</doc>
<status status="PASS" start="2025-06-22T20:32:07.416375" elapsed="0.127601"/>
</kw>
<arg>${username}</arg>
<status status="PASS" start="2025-06-22T20:32:07.414801" elapsed="0.129925"/>
</kw>
<kw name="Input Pass" owner="Resources">
<kw name="Input Text" owner="SeleniumLibrary">
<msg time="2025-06-22T20:32:07.547971" level="INFO">Typing text 'abc ' into text field '//input[@name="password"]'.</msg>
<arg>//input[@name="password"]</arg>
<arg>${pass}</arg>
<doc>Types the given ``text`` into the text field identified by ``locator``.</doc>
<status status="PASS" start="2025-06-22T20:32:07.546929" elapsed="0.102187"/>
</kw>
<arg>${password}</arg>
<status status="PASS" start="2025-06-22T20:32:07.545462" elapsed="0.104481"/>
</kw>
<kw name="Sleep" owner="BuiltIn">
<msg time="2025-06-22T20:32:09.653358" level="INFO">Slept 2 seconds.</msg>
<arg>2s</arg>
<doc>Pauses the test executed for the given time.</doc>
<status status="PASS" start="2025-06-22T20:32:07.651169" elapsed="2.002982"/>
</kw>
<kw name="Click Login button" owner="Resources">
<kw name="Click Element" owner="SeleniumLibrary">
<msg time="2025-06-22T20:32:09.657832" level="INFO">Clicking element '//button[text()=" Login "]'.</msg>
<arg>//button[text()=" Login "]</arg>
<doc>Click the element identified by ``locator``.</doc>
<status status="PASS" start="2025-06-22T20:32:09.656728" elapsed="0.074082"/>
</kw>
<status status="PASS" start="2025-06-22T20:32:09.655100" elapsed="0.076678"/>
</kw>
<kw name="Error Message Should be visible" owner="Resources">
<kw name="Wait Until Page Contains" owner="SeleniumLibrary">
<arg>${err_msg}</arg>
<arg>20s</arg>
<doc>Waits until ``text`` appears on the current page.</doc>
<status status="PASS" start="2025-06-22T20:32:09.737288" elapsed="1.506581"/>
</kw>
<arg>${error}</arg>
<status status="PASS" start="2025-06-22T20:32:09.732649" elapsed="1.512047"/>
</kw>
<arg>username=Admin</arg>
<arg>password=abc </arg>
<arg>error=Invalid credentials</arg>
<status status="PASS" start="2025-06-22T20:32:07.412725" elapsed="3.832682"/>
</kw>
<status status="PASS" start="2025-06-22T20:32:07.407175" elapsed="3.840659"/>
</test>
<test id="s1-t2" name="invalidTest" line="17">
<kw name="Invalid login">
<kw name="Input username" owner="Resources">
<kw name="Input Text" owner="SeleniumLibrary">
<msg time="2025-06-22T20:32:11.270147" level="INFO">Typing text 'ain@yourstore.com' into text field '//input[@name="username"]'.</msg>
<arg>//input[@name="username"]</arg>
<arg>${user}</arg>
<doc>Types the given ``text`` into the text field identified by ``locator``.</doc>
<status status="PASS" start="2025-06-22T20:32:11.265327" elapsed="0.201120"/>
</kw>
<arg>${username}</arg>
<status status="PASS" start="2025-06-22T20:32:11.263903" elapsed="0.203600"/>
</kw>
<kw name="Input Pass" owner="Resources">
<kw name="Input Text" owner="SeleniumLibrary">
<msg time="2025-06-22T20:32:11.490999" level="INFO">Typing text 'admin' into text field '//input[@name="password"]'.</msg>
<arg>//input[@name="password"]</arg>
<arg>${pass}</arg>
<doc>Types the given ``text`` into the text field identified by ``locator``.</doc>
<status status="PASS" start="2025-06-22T20:32:11.487357" elapsed="0.119219"/>
</kw>
<arg>${password}</arg>
<status status="PASS" start="2025-06-22T20:32:11.478048" elapsed="0.129165"/>
</kw>
<kw name="Sleep" owner="BuiltIn">
<msg time="2025-06-22T20:32:13.609797" level="INFO">Slept 2 seconds.</msg>
<arg>2s</arg>
<doc>Pauses the test executed for the given time.</doc>
<status status="PASS" start="2025-06-22T20:32:11.607806" elapsed="2.002812"/>
</kw>
<kw name="Click Login button" owner="Resources">
<kw name="Click Element" owner="SeleniumLibrary">
<msg time="2025-06-22T20:32:13.613985" level="INFO">Clicking element '//button[text()=" Login "]'.</msg>
<arg>//button[text()=" Login "]</arg>
<doc>Click the element identified by ``locator``.</doc>
<status status="PASS" start="2025-06-22T20:32:13.613048" elapsed="0.084436"/>
</kw>
<status status="PASS" start="2025-06-22T20:32:13.611442" elapsed="0.087622"/>
</kw>
<kw name="Error Message Should be visible" owner="Resources">
<kw name="Wait Until Page Contains" owner="SeleniumLibrary">
<arg>${err_msg}</arg>
<arg>20s</arg>
<doc>Waits until ``text`` appears on the current page.</doc>
<status status="PASS" start="2025-06-22T20:32:13.705060" elapsed="1.189003"/>
</kw>
<arg>${error}</arg>
<status status="PASS" start="2025-06-22T20:32:13.701413" elapsed="1.193914"/>
</kw>
<arg>username=ain@yourstore.com</arg>
<arg>password=admin</arg>
<arg>error=Invalid credentials</arg>
<status status="PASS" start="2025-06-22T20:32:11.262030" elapsed="3.634015"/>
</kw>
<status status="PASS" start="2025-06-22T20:32:11.253325" elapsed="3.644988"/>
</test>
<test id="s1-t3" name="invalidTest" line="17">
<kw name="Invalid login">
<kw name="Input username" owner="Resources">
<kw name="Input Text" owner="SeleniumLibrary">
<msg time="2025-06-22T20:32:14.912653" level="INFO">Typing text 'adn@yourstore.com' into text field '//input[@name="username"]'.</msg>
<arg>//input[@name="username"]</arg>
<arg>${user}</arg>
<doc>Types the given ``text`` into the text field identified by ``locator``.</doc>
<status status="PASS" start="2025-06-22T20:32:14.911605" elapsed="0.111268"/>
</kw>
<arg>${username}</arg>
<status status="PASS" start="2025-06-22T20:32:14.910281" elapsed="0.113266"/>
</kw>
<kw name="Input Pass" owner="Resources">
<kw name="Input Text" owner="SeleniumLibrary">
<msg time="2025-06-22T20:32:15.026962" level="INFO">Typing text '' into text field '//input[@name="password"]'.</msg>
<arg>//input[@name="password"]</arg>
<arg>${pass}</arg>
<doc>Types the given ``text`` into the text field identified by ``locator``.</doc>
<status status="PASS" start="2025-06-22T20:32:15.025694" elapsed="0.098951"/>
</kw>
<arg>${password}</arg>
<status status="PASS" start="2025-06-22T20:32:15.024269" elapsed="0.100981"/>
</kw>
<kw name="Sleep" owner="BuiltIn">
<msg time="2025-06-22T20:32:17.127184" level="INFO">Slept 2 seconds.</msg>
<arg>2s</arg>
<doc>Pauses the test executed for the given time.</doc>
<status status="PASS" start="2025-06-22T20:32:15.126101" elapsed="2.002012"/>
</kw>
<kw name="Click Login button" owner="Resources">
<kw name="Click Element" owner="SeleniumLibrary">
<msg time="2025-06-22T20:32:17.131586" level="INFO">Clicking element '//button[text()=" Login "]'.</msg>
<arg>//button[text()=" Login "]</arg>
<doc>Click the element identified by ``locator``.</doc>
<status status="PASS" start="2025-06-22T20:32:17.130518" elapsed="0.072315"/>
</kw>
<status status="PASS" start="2025-06-22T20:32:17.129034" elapsed="0.074431"/>
</kw>
<kw name="Error Message Should be visible" owner="Resources">
<kw name="Wait Until Page Contains" owner="SeleniumLibrary">
<arg>${err_msg}</arg>
<arg>20s</arg>
<doc>Waits until ``text`` appears on the current page.</doc>
<status status="PASS" start="2025-06-22T20:32:17.207841" elapsed="0.030578"/>
</kw>
<arg>${error}</arg>
<status status="PASS" start="2025-06-22T20:32:17.204199" elapsed="0.034829"/>
</kw>
<arg>username=adn@yourstore.com</arg>
<arg>password=${EMPTY}</arg>
<arg>error=Required</arg>
<status status="PASS" start="2025-06-22T20:32:14.907663" elapsed="2.332006"/>
</kw>
<status status="PASS" start="2025-06-22T20:32:14.901812" elapsed="2.340107"/>
</test>
<test id="s1-t4" name="invalidTest" line="17">
<kw name="Invalid login">
<kw name="Input username" owner="Resources">
<kw name="Input Text" owner="SeleniumLibrary">
<msg time="2025-06-22T20:32:17.277319" level="INFO">Typing text 'Admin' into text field '//input[@name="username"]'.</msg>
<arg>//input[@name="username"]</arg>
<arg>${user}</arg>
<doc>Types the given ``text`` into the text field identified by ``locator``.</doc>
<status status="PASS" start="2025-06-22T20:32:17.275386" elapsed="0.147661"/>
</kw>
<arg>${username}</arg>
<status status="PASS" start="2025-06-22T20:32:17.271252" elapsed="0.152741"/>
</kw>
<kw name="Input Pass" owner="Resources">
<kw name="Input Text" owner="SeleniumLibrary">
<msg time="2025-06-22T20:32:17.435876" level="INFO">Typing text '' into text field '//input[@name="password"]'.</msg>
<arg>//input[@name="password"]</arg>
<arg>${pass}</arg>
<doc>Types the given ``text`` into the text field identified by ``locator``.</doc>
<status status="PASS" start="2025-06-22T20:32:17.430118" elapsed="0.122183"/>
</kw>
<arg>${password}</arg>
<status status="PASS" start="2025-06-22T20:32:17.427285" elapsed="0.125661"/>
</kw>
<kw name="Sleep" owner="BuiltIn">
<msg time="2025-06-22T20:32:19.555042" level="INFO">Slept 2 seconds.</msg>
<arg>2s</arg>
<doc>Pauses the test executed for the given time.</doc>
<status status="PASS" start="2025-06-22T20:32:17.553546" elapsed="2.002621"/>
</kw>
<kw name="Click Login button" owner="Resources">
<kw name="Click Element" owner="SeleniumLibrary">
<msg time="2025-06-22T20:32:19.561125" level="INFO">Clicking element '//button[text()=" Login "]'.</msg>
<arg>//button[text()=" Login "]</arg>
<doc>Click the element identified by ``locator``.</doc>
<status status="PASS" start="2025-06-22T20:32:19.559478" elapsed="0.069298"/>
</kw>
<status status="PASS" start="2025-06-22T20:32:19.557483" elapsed="0.071871"/>
</kw>
<kw name="Error Message Should be visible" owner="Resources">
<kw name="Wait Until Page Contains" owner="SeleniumLibrary">
<arg>${err_msg}</arg>
<arg>20s</arg>
<doc>Waits until ``text`` appears on the current page.</doc>
<status status="PASS" start="2025-06-22T20:32:19.632331" elapsed="0.011514"/>
</kw>
<arg>${error}</arg>
<status status="PASS" start="2025-06-22T20:32:19.630237" elapsed="0.014214"/>
</kw>
<arg>username=Admin</arg>
<arg>password=${EMPTY}</arg>
<arg>error=Required</arg>
<status status="PASS" start="2025-06-22T20:32:17.259961" elapsed="2.384953"/>
</kw>
<status status="PASS" start="2025-06-22T20:32:17.245305" elapsed="2.401338"/>
</test>
<kw name="Close Browsers" owner="Resources" type="TEARDOWN">
<kw name="Close All Browsers" owner="SeleniumLibrary">
<doc>Closes all open browsers and resets the browser cache.</doc>
<status status="PASS" start="2025-06-22T20:32:19.652024" elapsed="2.506402"/>
</kw>
<status status="PASS" start="2025-06-22T20:32:19.650870" elapsed="2.508147"/>
</kw>
<status status="PASS" start="2025-06-22T20:31:55.742299" elapsed="26.417045"/>
</suite>
<statistics>
<total>
<stat pass="4" fail="0" skip="0">All Tests</stat>
</total>
<tag>
</tag>
<suite>
<stat name="Datadriventest" id="s1" pass="4" fail="0" skip="0">Datadriventest</stat>
</suite>
</statistics>
<errors>
<msg time="2025-06-22T20:32:11.254675" level="WARN">Multiple tests with name 'invalidTest' executed in suite 'Datadriventest'.</msg>
<msg time="2025-06-22T20:32:14.902055" level="WARN">Multiple tests with name 'invalidTest' executed in suite 'Datadriventest'.</msg>
<msg time="2025-06-22T20:32:17.245609" level="WARN">Multiple tests with name 'invalidTest' executed in suite 'Datadriventest'.</msg>
</errors>
</robot>
