<?xml version="1.0" encoding="UTF-8"?>
<robot generator="Robot 6.1.1 (Python 3.11.4 on win32)" generated="20241108 12:57:56.910" rpa="false" schemaversion="4">
<suite id="s1" name="Tee" source="c:\VS_Code\Test\tee.robot">
<test id="s1-t1" name="tt" line="15">
<kw name="open_brows">
<kw name="Open Browser" library="SeleniumLibrary">
<arg>${url}</arg>
<arg>${browser}</arg>
<doc>Opens a new browser instance to the optional ``url``.</doc>
<msg timestamp="20241108 12:57:57.543" level="INFO">Opening browser 'chrome' to base url 'https://opensource-demo.orangehrmlive.com/web/index.php/auth/login'.</msg>
<status status="PASS" starttime="20241108 12:57:57.543" endtime="20241108 12:58:01.658"/>
</kw>
<status status="PASS" starttime="20241108 12:57:57.543" endtime="20241108 12:58:01.659"/>
</kw>
<kw name="Sleep" library="BuiltIn">
<arg>2s</arg>
<doc>Pauses the test executed for the given time.</doc>
<msg timestamp="20241108 12:58:03.662" level="INFO">Slept 2 seconds</msg>
<status status="PASS" starttime="20241108 12:58:01.660" endtime="20241108 12:58:03.662"/>
</kw>
<kw name="Login user_name">
<kw name="Input Text" library="SeleniumLibrary">
<arg>${user_element}</arg>
<arg>${user_name}</arg>
<doc>Types the given ``text`` into the text field identified by ``locator``.</doc>
<msg timestamp="20241108 12:58:03.662" level="INFO">Typing text 'Admin' into text field '//input[@name="username"]'.</msg>
<status status="PASS" starttime="20241108 12:58:03.662" endtime="20241108 12:58:03.810"/>
</kw>
<kw name="Input Password" library="SeleniumLibrary">
<arg>${psd_element}</arg>
<arg>${pasd}</arg>
<doc>Types the given password into the text field identified by ``locator``.</doc>
<msg timestamp="20241108 12:58:03.812" level="INFO">Typing password into text field '//input[@name="password"]'.</msg>
<msg timestamp="20241108 12:58:03.843" level="INFO">Temporally setting log level to: NONE</msg>
<msg timestamp="20241108 12:58:03.944" level="INFO">Log level changed from NONE to INFO.</msg>
<status status="PASS" starttime="20241108 12:58:03.811" endtime="20241108 12:58:03.945"/>
</kw>
<kw name="Click Element" library="SeleniumLibrary">
<arg>${submit}</arg>
<doc>Click the element identified by ``locator``.</doc>
<msg timestamp="20241108 12:58:03.947" level="INFO">Clicking element '//*[@type="submit"]'.</msg>
<status status="PASS" starttime="20241108 12:58:03.946" endtime="20241108 12:58:05.116"/>
</kw>
<kw name="Log To Console" library="BuiltIn">
<var>${abc}</var>
<arg>getCurrentUrl</arg>
<doc>Logs the given message to the console.</doc>
<msg timestamp="20241108 12:58:05.119" level="INFO">${abc} = None</msg>
<status status="PASS" starttime="20241108 12:58:05.117" endtime="20241108 12:58:05.119"/>
</kw>
<if>
<branch type="IF" condition="${abc}">
<kw name="== ${url}">
<status status="NOT RUN" starttime="20241108 12:58:05.144" endtime="20241108 12:58:05.146"/>
</kw>
<status status="NOT RUN" starttime="20241108 12:58:05.120" endtime="20241108 12:58:05.147"/>
</branch>
<status status="PASS" starttime="20241108 12:58:05.120" endtime="20241108 12:58:05.148"/>
</if>
<kw name="Log To Console" library="BuiltIn">
<arg>"Done"</arg>
<doc>Logs the given message to the console.</doc>
<status status="PASS" starttime="20241108 12:58:05.148" endtime="20241108 12:58:05.150"/>
</kw>
<status status="PASS" starttime="20241108 12:58:03.662" endtime="20241108 12:58:05.151"/>
</kw>
<status status="PASS" starttime="20241108 12:57:57.543" endtime="20241108 12:58:05.152"/>
</test>
<status status="PASS" starttime="20241108 12:57:56.925" endtime="20241108 12:58:05.155"/>
</suite>
<statistics>
<total>
<stat pass="1" fail="0" skip="0">All Tests</stat>
</total>
<tag>
</tag>
<suite>
<stat pass="1" fail="0" skip="0" id="s1" name="Tee">Tee</stat>
</suite>
</statistics>
<errors>
</errors>
</robot>
